<?xml version="1.0" encoding="UTF-8"?>
<!-- Generated by org.testng.reporters.JUnitReportReporter -->
<testsuite hostname="Elshat-PC" failures="0" tests="14" name="com.phptravels.tests.HomePageFunctions" time="223.549" errors="0" timestamp="2021-01-27T23:42:24 EST" skipped="6">
  <testcase classname="com.phptravels.tests.HomePageFunctions" name="verifyDestinationFunc" time="11.783"/>
  <testcase classname="com.phptravels.tests.HomePageFunctions" name="hotelEminitiesBtn" time="9.695"/>
  <testcase classname="com.phptravels.tests.HomePageFunctions" name="roundtripCheckBox" time="30.492"/>
  <testcase classname="com.phptravels.tests.HomePageFunctions" name="destinationBox" time="81.413"/>
  <testcase classname="com.phptravels.tests.HomePageFunctions" name="departDate" time="15.304"/>
  <testcase classname="com.phptravels.tests.HomePageFunctions" name="clickADULTSbtns" time="19.759"/>
  <testcase classname="com.phptravels.tests.HomePageFunctions" name="verifyChildBtns" time="30.494"/>
  <testcase classname="com.phptravels.tests.HomePageFunctions" name="verifyInfantBtns" time="24.609"/>
  <testcase classname="com.phptravels.tests.HomePageFunctions" name="dragdropHighPriceBtn">
    <skipped/>
  </testcase> <!-- dragdropHighPriceBtn -->
  <testcase classname="com.phptravels.tests.HomePageFunctions" name="dragLowestPriceBtn">
    <skipped/>
  </testcase> <!-- dragLowestPriceBtn -->
  <testcase classname="com.phptravels.tests.HomePageFunctions" name="ferifyStarGrade">
    <skipped/>
  </testcase> <!-- ferifyStarGrade -->
  <testcase classname="com.phptravels.tests.HomePageFunctions" name="onewayCheckBox">
    <skipped/>
  </testcase> <!-- onewayCheckBox -->
  <testcase classname="com.phptravels.tests.HomePageFunctions" name="verifyChildNum">
    <skipped/>
  </testcase> <!-- verifyChildNum -->
  <testcase classname="com.phptravels.tests.HomePageFunctions" name="verifyAdultsNum">
    <skipped/>
  </testcase> <!-- verifyAdultsNum -->
</testsuite> <!-- com.phptravels.tests.HomePageFunctions -->
