<?xml version="1.0" encoding="UTF-8"?>
<!-- Generated by org.testng.reporters.JUnitReportReporter -->
<testsuite hostname="Elshat-PC" failures="0" tests="2" name="com.phptravels.tests.ResultPage" time="30574.895" errors="0" timestamp="2021-01-22T19:51:10 EST" skipped="0">
  <testcase classname="com.phptravels.tests.ResultPage" name="verifyDestinationFunc" time="30574.885"/>
  <testcase classname="com.phptravels.tests.ResultPage" name="verifyAdultsNum" time="0.010"/>
</testsuite> <!-- com.phptravels.tests.ResultPage -->
